C:\Users\Oskar\Desktop\Asteroid1.1\SDLProject\TPV2\TPV2.vcxproj(163,5): warning MSB4011: "C:\Users\Oskar\Desktop\Asteroid1.1\SDLProject\SDLProject.props" no se puede volver a importar. Ya se importó en "C:\Users\Oskar\Desktop\Asteroid1.1\SDLProject\TPV2\TPV2.vcxproj (162,5)". Lo más probable es que se trate de un error al crear la compilación. Se omitirá esta importación. 
  AsteroidsSystem.cpp
C:\Users\Oskar\Desktop\Asteroid1.1\SDLProject\TPV2\AsteroidsSystem.h(86,81): warning C4244:  'argumento': conversión de 'const double' a 'int'; posible pérdida de datos
C:\Users\Oskar\Desktop\Asteroid1.1\SDLProject\TPV2\AsteroidsSystem.h(86,70): warning C4244:  'argumento': conversión de 'const double' a 'int'; posible pérdida de datos
C:\Users\Oskar\Desktop\Asteroid1.1\SDLProject\TPV2\AsteroidsSystem.h(87,81): warning C4244:  'argumento': conversión de 'const double' a 'int'; posible pérdida de datos
C:\Users\Oskar\Desktop\Asteroid1.1\SDLProject\TPV2\AsteroidsSystem.h(87,70): warning C4244:  'argumento': conversión de 'const double' a 'int'; posible pérdida de datos
C:\Users\Oskar\Desktop\Asteroid1.1\SDLProject\TPV2\AsteroidPool.h(54,66): warning C4244:  'argumento': conversión de 'double' a 'int'; posible pérdida de datos
C:\Users\Oskar\Desktop\Asteroid1.1\SDLProject\TPV2\Manager.h(24): message :  vea la referencia a la creación de instancias de plantilla de función "Entity *AsteroidPool::construct<Vector2D&,Vector2D&,Vector2D&,double&,int&,Uint32&>(Vector2D &,Vector2D &,Vector2D &,double &,int &,Uint32 &)" que se está compilando
  BulletSystem.cpp
C:\Users\Oskar\Desktop\Asteroid1.1\SDLProject\TPV2\AsteroidsSystem.h(48): message :  vea la referencia a la creación de instancias de plantilla de función "Entity *Manager::addEntity<AsteroidPool,Vector2D&,Vector2D&,Vector2D&,double&,int&,Uint32&>(Vector2D &,Vector2D &,Vector2D &,double &,int &,Uint32 &)" que se está compilando
C:\Users\Oskar\Desktop\Asteroid1.1\SDLProject\TPV2\AsteroidsSystem.h(86,81): warning C4244:  'argumento': conversión de 'const double' a 'int'; posible pérdida de datos
C:\Users\Oskar\Desktop\Asteroid1.1\SDLProject\TPV2\AsteroidsSystem.h(86,70): warning C4244:  'argumento': conversión de 'const double' a 'int'; posible pérdida de datos
C:\Users\Oskar\Desktop\Asteroid1.1\SDLProject\TPV2\AsteroidsSystem.h(87,81): warning C4244:  'argumento': conversión de 'const double' a 'int'; posible pérdida de datos
C:\Users\Oskar\Desktop\Asteroid1.1\SDLProject\TPV2\AsteroidsSystem.h(87,70): warning C4244:  'argumento': conversión de 'const double' a 'int'; posible pérdida de datos
C:\Users\Oskar\Desktop\Asteroid1.1\SDLProject\TPV2\AsteroidPool.h(54,66): warning C4244:  'argumento': conversión de 'double' a 'int'; posible pérdida de datos
C:\Users\Oskar\Desktop\Asteroid1.1\SDLProject\TPV2\Manager.h(24): message :  vea la referencia a la creación de instancias de plantilla de función "Entity *AsteroidPool::construct<Vector2D&,Vector2D&,Vector2D&,double&,int&,Uint32&>(Vector2D &,Vector2D &,Vector2D &,double &,int &,Uint32 &)" que se está compilando
  CollisionSystem.cpp
C:\Users\Oskar\Desktop\Asteroid1.1\SDLProject\TPV2\AsteroidsSystem.h(48): message :  vea la referencia a la creación de instancias de plantilla de función "Entity *Manager::addEntity<AsteroidPool,Vector2D&,Vector2D&,Vector2D&,double&,int&,Uint32&>(Vector2D &,Vector2D &,Vector2D &,double &,int &,Uint32 &)" que se está compilando
C:\Users\Oskar\Desktop\Asteroid1.1\SDLProject\TPV2\AsteroidsSystem.h(86,81): warning C4244:  'argumento': conversión de 'const double' a 'int'; posible pérdida de datos
C:\Users\Oskar\Desktop\Asteroid1.1\SDLProject\TPV2\AsteroidsSystem.h(86,70): warning C4244:  'argumento': conversión de 'const double' a 'int'; posible pérdida de datos
C:\Users\Oskar\Desktop\Asteroid1.1\SDLProject\TPV2\AsteroidsSystem.h(87,81): warning C4244:  'argumento': conversión de 'const double' a 'int'; posible pérdida de datos
C:\Users\Oskar\Desktop\Asteroid1.1\SDLProject\TPV2\AsteroidsSystem.h(87,70): warning C4244:  'argumento': conversión de 'const double' a 'int'; posible pérdida de datos
C:\Users\Oskar\Desktop\Asteroid1.1\SDLProject\TPV2\AsteroidPool.h(54,66): warning C4244:  'argumento': conversión de 'double' a 'int'; posible pérdida de datos
C:\Users\Oskar\Desktop\Asteroid1.1\SDLProject\TPV2\Manager.h(24): message :  vea la referencia a la creación de instancias de plantilla de función "Entity *AsteroidPool::construct<Vector2D&,Vector2D&,Vector2D&,double&,int&,Uint32&>(Vector2D &,Vector2D &,Vector2D &,double &,int &,Uint32 &)" que se está compilando
  FighterGun.cpp
C:\Users\Oskar\Desktop\Asteroid1.1\SDLProject\TPV2\AsteroidsSystem.h(48): message :  vea la referencia a la creación de instancias de plantilla de función "Entity *Manager::addEntity<AsteroidPool,Vector2D&,Vector2D&,Vector2D&,double&,int&,Uint32&>(Vector2D &,Vector2D &,Vector2D &,double &,int &,Uint32 &)" que se está compilando
C:\Users\Oskar\Desktop\Asteroid1.1\SDLProject\TPV2\AsteroidsSystem.h(86,81): warning C4244:  'argumento': conversión de 'const double' a 'int'; posible pérdida de datos
C:\Users\Oskar\Desktop\Asteroid1.1\SDLProject\TPV2\AsteroidsSystem.h(86,70): warning C4244:  'argumento': conversión de 'const double' a 'int'; posible pérdida de datos
C:\Users\Oskar\Desktop\Asteroid1.1\SDLProject\TPV2\AsteroidsSystem.h(87,81): warning C4244:  'argumento': conversión de 'const double' a 'int'; posible pérdida de datos
C:\Users\Oskar\Desktop\Asteroid1.1\SDLProject\TPV2\AsteroidsSystem.h(87,70): warning C4244:  'argumento': conversión de 'const double' a 'int'; posible pérdida de datos
C:\Users\Oskar\Desktop\Asteroid1.1\SDLProject\TPV2\AsteroidPool.h(54,66): warning C4244:  'argumento': conversión de 'double' a 'int'; posible pérdida de datos
C:\Users\Oskar\Desktop\Asteroid1.1\SDLProject\TPV2\Manager.h(24): message :  vea la referencia a la creación de instancias de plantilla de función "Entity *AsteroidPool::construct<Vector2D&,Vector2D&,Vector2D&,double&,int&,Uint32&>(Vector2D &,Vector2D &,Vector2D &,double &,int &,Uint32 &)" que se está compilando
  FigtherSystem.cpp
C:\Users\Oskar\Desktop\Asteroid1.1\SDLProject\TPV2\AsteroidsSystem.h(48): message :  vea la referencia a la creación de instancias de plantilla de función "Entity *Manager::addEntity<AsteroidPool,Vector2D&,Vector2D&,Vector2D&,double&,int&,Uint32&>(Vector2D &,Vector2D &,Vector2D &,double &,int &,Uint32 &)" que se está compilando
C:\Users\Oskar\Desktop\Asteroid1.1\SDLProject\TPV2\AsteroidsSystem.h(86,81): warning C4244:  'argumento': conversión de 'const double' a 'int'; posible pérdida de datos
C:\Users\Oskar\Desktop\Asteroid1.1\SDLProject\TPV2\AsteroidsSystem.h(86,70): warning C4244:  'argumento': conversión de 'const double' a 'int'; posible pérdida de datos
C:\Users\Oskar\Desktop\Asteroid1.1\SDLProject\TPV2\AsteroidsSystem.h(87,81): warning C4244:  'argumento': conversión de 'const double' a 'int'; posible pérdida de datos
C:\Users\Oskar\Desktop\Asteroid1.1\SDLProject\TPV2\AsteroidsSystem.h(87,70): warning C4244:  'argumento': conversión de 'const double' a 'int'; posible pérdida de datos
C:\Users\Oskar\Desktop\Asteroid1.1\SDLProject\TPV2\AsteroidPool.h(54,66): warning C4244:  'argumento': conversión de 'double' a 'int'; posible pérdida de datos
C:\Users\Oskar\Desktop\Asteroid1.1\SDLProject\TPV2\Manager.h(24): message :  vea la referencia a la creación de instancias de plantilla de función "Entity *AsteroidPool::construct<Vector2D&,Vector2D&,Vector2D&,double&,int&,Uint32&>(Vector2D &,Vector2D &,Vector2D &,double &,int &,Uint32 &)" que se está compilando
  GameCtrlSystem.cpp
C:\Users\Oskar\Desktop\Asteroid1.1\SDLProject\TPV2\AsteroidsSystem.h(48): message :  vea la referencia a la creación de instancias de plantilla de función "Entity *Manager::addEntity<AsteroidPool,Vector2D&,Vector2D&,Vector2D&,double&,int&,Uint32&>(Vector2D &,Vector2D &,Vector2D &,double &,int &,Uint32 &)" que se está compilando
C:\Users\Oskar\Desktop\Asteroid1.1\SDLProject\TPV2\AsteroidsSystem.h(86,81): warning C4244:  'argumento': conversión de 'const double' a 'int'; posible pérdida de datos
C:\Users\Oskar\Desktop\Asteroid1.1\SDLProject\TPV2\AsteroidsSystem.h(86,70): warning C4244:  'argumento': conversión de 'const double' a 'int'; posible pérdida de datos
C:\Users\Oskar\Desktop\Asteroid1.1\SDLProject\TPV2\AsteroidsSystem.h(87,81): warning C4244:  'argumento': conversión de 'const double' a 'int'; posible pérdida de datos
C:\Users\Oskar\Desktop\Asteroid1.1\SDLProject\TPV2\AsteroidsSystem.h(87,70): warning C4244:  'argumento': conversión de 'const double' a 'int'; posible pérdida de datos
C:\Users\Oskar\Desktop\Asteroid1.1\SDLProject\TPV2\AsteroidPool.h(54,66): warning C4244:  'argumento': conversión de 'double' a 'int'; posible pérdida de datos
C:\Users\Oskar\Desktop\Asteroid1.1\SDLProject\TPV2\Manager.h(24): message :  vea la referencia a la creación de instancias de plantilla de función "Entity *AsteroidPool::construct<Vector2D&,Vector2D&,Vector2D&,double&,int&,Uint32&>(Vector2D &,Vector2D &,Vector2D &,double &,int &,Uint32 &)" que se está compilando
  PacMan.cpp
C:\Users\Oskar\Desktop\Asteroid1.1\SDLProject\TPV2\AsteroidsSystem.h(48): message :  vea la referencia a la creación de instancias de plantilla de función "Entity *Manager::addEntity<AsteroidPool,Vector2D&,Vector2D&,Vector2D&,double&,int&,Uint32&>(Vector2D &,Vector2D &,Vector2D &,double &,int &,Uint32 &)" que se está compilando
C:\Users\Oskar\Desktop\Asteroid1.1\SDLProject\TPV2\AsteroidsSystem.h(86,81): warning C4244:  'argumento': conversión de 'const double' a 'int'; posible pérdida de datos
C:\Users\Oskar\Desktop\Asteroid1.1\SDLProject\TPV2\AsteroidsSystem.h(86,70): warning C4244:  'argumento': conversión de 'const double' a 'int'; posible pérdida de datos
C:\Users\Oskar\Desktop\Asteroid1.1\SDLProject\TPV2\AsteroidsSystem.h(87,81): warning C4244:  'argumento': conversión de 'const double' a 'int'; posible pérdida de datos
C:\Users\Oskar\Desktop\Asteroid1.1\SDLProject\TPV2\AsteroidsSystem.h(87,70): warning C4244:  'argumento': conversión de 'const double' a 'int'; posible pérdida de datos
C:\Users\Oskar\Desktop\Asteroid1.1\SDLProject\TPV2\PacManSystem.h(49,9): warning C4244:  'inicializando': conversión de 'double' a 'int'; posible pérdida de datos
C:\Users\Oskar\Desktop\Asteroid1.1\SDLProject\TPV2\PacManSystem.h(50,9): warning C4244:  'inicializando': conversión de 'double' a 'int'; posible pérdida de datos
C:\Users\Oskar\Desktop\Asteroid1.1\SDLProject\TPV2\AsteroidPool.h(54,66): warning C4244:  'argumento': conversión de 'double' a 'int'; posible pérdida de datos
C:\Users\Oskar\Desktop\Asteroid1.1\SDLProject\TPV2\Manager.h(24): message :  vea la referencia a la creación de instancias de plantilla de función "Entity *AsteroidPool::construct<Vector2D&,Vector2D&,Vector2D&,double&,int&,Uint32&>(Vector2D &,Vector2D &,Vector2D &,double &,int &,Uint32 &)" que se está compilando
  main.cpp
C:\Users\Oskar\Desktop\Asteroid1.1\SDLProject\TPV2\AsteroidsSystem.h(48): message :  vea la referencia a la creación de instancias de plantilla de función "Entity *Manager::addEntity<AsteroidPool,Vector2D&,Vector2D&,Vector2D&,double&,int&,Uint32&>(Vector2D &,Vector2D &,Vector2D &,double &,int &,Uint32 &)" que se está compilando
C:\Users\Oskar\Desktop\Asteroid1.1\SDLProject\TPV2\AsteroidsSystem.h(86,81): warning C4244:  'argumento': conversión de 'const double' a 'int'; posible pérdida de datos
C:\Users\Oskar\Desktop\Asteroid1.1\SDLProject\TPV2\AsteroidsSystem.h(86,70): warning C4244:  'argumento': conversión de 'const double' a 'int'; posible pérdida de datos
C:\Users\Oskar\Desktop\Asteroid1.1\SDLProject\TPV2\AsteroidsSystem.h(87,81): warning C4244:  'argumento': conversión de 'const double' a 'int'; posible pérdida de datos
C:\Users\Oskar\Desktop\Asteroid1.1\SDLProject\TPV2\AsteroidsSystem.h(87,70): warning C4244:  'argumento': conversión de 'const double' a 'int'; posible pérdida de datos
C:\Users\Oskar\Desktop\Asteroid1.1\SDLProject\TPV2\PacManSystem.h(49,9): warning C4244:  'inicializando': conversión de 'double' a 'int'; posible pérdida de datos
C:\Users\Oskar\Desktop\Asteroid1.1\SDLProject\TPV2\PacManSystem.h(50,9): warning C4244:  'inicializando': conversión de 'double' a 'int'; posible pérdida de datos
C:\Users\Oskar\Desktop\Asteroid1.1\SDLProject\TPV2\AsteroidPool.h(54,66): warning C4244:  'argumento': conversión de 'double' a 'int'; posible pérdida de datos
C:\Users\Oskar\Desktop\Asteroid1.1\SDLProject\TPV2\Manager.h(24): message :  vea la referencia a la creación de instancias de plantilla de función "Entity *AsteroidPool::construct<Vector2D&,Vector2D&,Vector2D&,double&,int&,Uint32&>(Vector2D &,Vector2D &,Vector2D &,double &,int &,Uint32 &)" que se está compilando
  Generando código...
C:\Users\Oskar\Desktop\Asteroid1.1\SDLProject\TPV2\AsteroidsSystem.h(48): message :  vea la referencia a la creación de instancias de plantilla de función "Entity *Manager::addEntity<AsteroidPool,Vector2D&,Vector2D&,Vector2D&,double&,int&,Uint32&>(Vector2D &,Vector2D &,Vector2D &,double &,int &,Uint32 &)" que se está compilando
  TPV2.vcxproj -> C:\Users\Oskar\Desktop\Asteroid1.1\SDLProject\bin\TPV2Debug.exe
