c:\users\oskar\desktop\asteroid1.1\sdlproject\tpv2\debug\vc142.pdb
c:\users\oskar\desktop\asteroid1.1\sdlproject\tpv2\debug\vc142.idb
c:\users\oskar\desktop\asteroid1.1\sdlproject\tpv2\debug\main.obj
c:\users\oskar\desktop\asteroid1.1\sdlproject\tpv2\debug\jute.obj
c:\users\oskar\desktop\asteroid1.1\sdlproject\tpv2\debug\inputhandler.obj
c:\users\oskar\desktop\asteroid1.1\sdlproject\tpv2\debug\health.obj
c:\users\oskar\desktop\asteroid1.1\sdlproject\tpv2\debug\gamestate.obj
c:\users\oskar\desktop\asteroid1.1\sdlproject\tpv2\debug\gamectrlsystem.obj
c:\users\oskar\desktop\asteroid1.1\sdlproject\tpv2\debug\fontsmanager.obj
c:\users\oskar\desktop\asteroid1.1\sdlproject\tpv2\debug\font.obj
c:\users\oskar\desktop\asteroid1.1\sdlproject\tpv2\debug\figthersystem.obj
c:\users\oskar\desktop\asteroid1.1\sdlproject\tpv2\debug\fightergun.obj
c:\users\oskar\desktop\asteroid1.1\sdlproject\tpv2\debug\entity.obj
c:\users\oskar\desktop\asteroid1.1\sdlproject\tpv2\debug\deffactory.obj
c:\users\oskar\desktop\asteroid1.1\sdlproject\tpv2\debug\collisionsystem.obj
c:\users\oskar\desktop\asteroid1.1\sdlproject\tpv2\debug\collisions.obj
c:\users\oskar\desktop\asteroid1.1\sdlproject\tpv2\debug\bulletsystem.obj
c:\users\oskar\desktop\asteroid1.1\sdlproject\tpv2\debug\bulletpool.obj
c:\users\oskar\desktop\asteroid1.1\sdlproject\tpv2\debug\audiomanager.obj
c:\users\oskar\desktop\asteroid1.1\sdlproject\tpv2\debug\asteroidssystem.obj
c:\users\oskar\desktop\asteroid1.1\sdlproject\tpv2\debug\asteroidpool.obj
c:\users\oskar\desktop\asteroid1.1\sdlproject\tpv2\debug\asteroidlifetime.obj
c:\users\oskar\desktop\asteroid1.1\sdlproject\tpv2\debug\texture.obj
c:\users\oskar\desktop\asteroid1.1\sdlproject\tpv2\debug\system.obj
c:\users\oskar\desktop\asteroid1.1\sdlproject\tpv2\debug\starssystem.obj
c:\users\oskar\desktop\asteroid1.1\sdlproject\tpv2\debug\starspool.obj
c:\users\oskar\desktop\asteroid1.1\sdlproject\tpv2\debug\srandbasedgenerator.obj
c:\users\oskar\desktop\asteroid1.1\sdlproject\tpv2\debug\singleton.obj
c:\users\oskar\desktop\asteroid1.1\sdlproject\tpv2\debug\sdl_macros.obj
c:\users\oskar\desktop\asteroid1.1\sdlproject\tpv2\debug\sdltexturesmanager.obj
c:\users\oskar\desktop\asteroid1.1\sdlproject\tpv2\debug\sdlgame.obj
c:\users\oskar\desktop\asteroid1.1\sdlproject\tpv2\debug\sdlfontsmanager.obj
c:\users\oskar\desktop\asteroid1.1\sdlproject\tpv2\debug\sdlaudiomanager.obj
c:\users\oskar\desktop\asteroid1.1\sdlproject\tpv2\debug\resources.obj
c:\users\oskar\desktop\asteroid1.1\sdlproject\tpv2\debug\rendersystem.obj
c:\users\oskar\desktop\asteroid1.1\sdlproject\tpv2\debug\randomnumbergenerator.obj
c:\users\oskar\desktop\asteroid1.1\sdlproject\tpv2\debug\pacmansystem.obj
c:\users\oskar\desktop\asteroid1.1\sdlproject\tpv2\debug\pacman.obj
c:\users\oskar\desktop\asteroid1.1\sdlproject\tpv2\debug\offacotry.obj
c:\users\oskar\desktop\asteroid1.1\sdlproject\tpv2\debug\objectpool.obj
c:\users\oskar\desktop\asteroid1.1\sdlproject\tpv2\debug\objectfactory.obj
c:\users\oskar\desktop\asteroid1.1\sdlproject\tpv2\debug\manager.obj
c:\users\oskar\desktop\asteroid1.1\sdlproject\tpv2\debug\vector2d.obj
c:\users\oskar\desktop\asteroid1.1\sdlproject\tpv2\debug\transform.obj
c:\users\oskar\desktop\asteroid1.1\sdlproject\tpv2\debug\texturesmanager.obj
c:\users\oskar\desktop\asteroid1.1\sdlproject\tpv2\debug\asterids.obj
c:\users\oskar\desktop\asteroid1.1\sdlproject\bin\tpv2debug.exe
c:\users\oskar\desktop\asteroid1.1\sdlproject\bin\tpv2debug.ilk
c:\users\oskar\desktop\asteroid1.1\sdlproject\bin\tpv2debug.pdb
c:\users\oskar\desktop\asteroid1.1\sdlproject\bin\tpv2debug.lib
c:\users\oskar\desktop\asteroid1.1\sdlproject\bin\tpv2debug.exp
c:\users\oskar\desktop\asteroid1.1\sdlproject\tpv2\debug\tpv2.tlog\cl.command.1.tlog
c:\users\oskar\desktop\asteroid1.1\sdlproject\tpv2\debug\tpv2.tlog\cl.read.1.tlog
c:\users\oskar\desktop\asteroid1.1\sdlproject\tpv2\debug\tpv2.tlog\cl.write.1.tlog
c:\users\oskar\desktop\asteroid1.1\sdlproject\tpv2\debug\tpv2.tlog\link.command.1.tlog
c:\users\oskar\desktop\asteroid1.1\sdlproject\tpv2\debug\tpv2.tlog\link.delete.1.tlog
c:\users\oskar\desktop\asteroid1.1\sdlproject\tpv2\debug\tpv2.tlog\link.read.1.tlog
c:\users\oskar\desktop\asteroid1.1\sdlproject\tpv2\debug\tpv2.tlog\link.write.1.tlog
c:\users\oskar\desktop\asteroid1.1\sdlproject\tpv2\debug\tpv2.tlog\tpv2.write.1u.tlog
