g:\2do\2docuatrimestre\tpv2\practicas\asteroids1.0\sdlproject\tpv2\x64\debug\vc142.pdb
g:\2do\2docuatrimestre\tpv2\practicas\asteroids1.0\sdlproject\tpv2\x64\debug\vc142.idb
g:\2do\2docuatrimestre\tpv2\practicas\asteroids1.0\sdlproject\tpv2\x64\debug\health.obj
g:\2do\2docuatrimestre\tpv2\practicas\asteroids1.0\sdlproject\tpv2\x64\debug\gun.obj
g:\2do\2docuatrimestre\tpv2\practicas\asteroids1.0\sdlproject\tpv2\x64\debug\gamelogic.obj
g:\2do\2docuatrimestre\tpv2\practicas\asteroids1.0\sdlproject\tpv2\x64\debug\gamectrl.obj
g:\2do\2docuatrimestre\tpv2\practicas\asteroids1.0\sdlproject\tpv2\x64\debug\fontsmanager.obj
g:\2do\2docuatrimestre\tpv2\practicas\asteroids1.0\sdlproject\tpv2\x64\debug\font.obj
g:\2do\2docuatrimestre\tpv2\practicas\asteroids1.0\sdlproject\tpv2\x64\debug\fightermotion.obj
g:\2do\2docuatrimestre\tpv2\practicas\asteroids1.0\sdlproject\tpv2\x64\debug\entity.obj
g:\2do\2docuatrimestre\tpv2\practicas\asteroids1.0\sdlproject\tpv2\x64\debug\component.obj
g:\2do\2docuatrimestre\tpv2\practicas\asteroids1.0\sdlproject\tpv2\x64\debug\collisions.obj
g:\2do\2docuatrimestre\tpv2\practicas\asteroids1.0\sdlproject\tpv2\x64\debug\bulletsviewer.obj
g:\2do\2docuatrimestre\tpv2\practicas\asteroids1.0\sdlproject\tpv2\x64\debug\bulletspool.obj
g:\2do\2docuatrimestre\tpv2\practicas\asteroids1.0\sdlproject\tpv2\x64\debug\bulletsmotion.obj
g:\2do\2docuatrimestre\tpv2\practicas\asteroids1.0\sdlproject\tpv2\x64\debug\bullet.obj
g:\2do\2docuatrimestre\tpv2\practicas\asteroids1.0\sdlproject\tpv2\x64\debug\ballmovebehaviour.obj
g:\2do\2docuatrimestre\tpv2\practicas\asteroids1.0\sdlproject\tpv2\x64\debug\audiomanager.obj
g:\2do\2docuatrimestre\tpv2\practicas\asteroids1.0\sdlproject\tpv2\x64\debug\asteroidsviewer.obj
g:\2do\2docuatrimestre\tpv2\practicas\asteroids1.0\sdlproject\tpv2\x64\debug\asteroidspool.obj
g:\2do\2docuatrimestre\tpv2\practicas\asteroids1.0\sdlproject\tpv2\x64\debug\asteroidsmotion.obj
g:\2do\2docuatrimestre\tpv2\practicas\asteroids1.0\sdlproject\tpv2\x64\debug\asteroid.obj
g:\2do\2docuatrimestre\tpv2\practicas\asteroids1.0\sdlproject\tpv2\x64\debug\sdl_macros.obj
g:\2do\2docuatrimestre\tpv2\practicas\asteroids1.0\sdlproject\tpv2\x64\debug\sdltexturesmanager.obj
g:\2do\2docuatrimestre\tpv2\practicas\asteroids1.0\sdlproject\tpv2\x64\debug\sdlgame.obj
g:\2do\2docuatrimestre\tpv2\practicas\asteroids1.0\sdlproject\tpv2\x64\debug\sdlfontsmanager.obj
g:\2do\2docuatrimestre\tpv2\practicas\asteroids1.0\sdlproject\tpv2\x64\debug\sdlaudiomanager.obj
g:\2do\2docuatrimestre\tpv2\practicas\asteroids1.0\sdlproject\tpv2\x64\debug\scoreviewer.obj
g:\2do\2docuatrimestre\tpv2\practicas\asteroids1.0\sdlproject\tpv2\x64\debug\scoremanager.obj
g:\2do\2docuatrimestre\tpv2\practicas\asteroids1.0\sdlproject\tpv2\x64\debug\resources.obj
g:\2do\2docuatrimestre\tpv2\practicas\asteroids1.0\sdlproject\tpv2\x64\debug\rectangle.obj
g:\2do\2docuatrimestre\tpv2\practicas\asteroids1.0\sdlproject\tpv2\x64\debug\randomnumbergenerator.obj
g:\2do\2docuatrimestre\tpv2\practicas\asteroids1.0\sdlproject\tpv2\x64\debug\fighterctrl.obj
g:\2do\2docuatrimestre\tpv2\practicas\asteroids1.0\sdlproject\tpv2\x64\debug\pingpong.obj
g:\2do\2docuatrimestre\tpv2\practicas\asteroids1.0\sdlproject\tpv2\x64\debug\paddlemovebehaviour.obj
g:\2do\2docuatrimestre\tpv2\practicas\asteroids1.0\sdlproject\tpv2\x64\debug\paddlemousectrl.obj
g:\2do\2docuatrimestre\tpv2\practicas\asteroids1.0\sdlproject\tpv2\x64\debug\paddlekbctrl.obj
g:\2do\2docuatrimestre\tpv2\practicas\asteroids1.0\sdlproject\tpv2\x64\debug\objectpool.obj
g:\2do\2docuatrimestre\tpv2\practicas\asteroids1.0\sdlproject\tpv2\x64\debug\manager.obj
g:\2do\2docuatrimestre\tpv2\practicas\asteroids1.0\sdlproject\tpv2\x64\debug\main.obj
g:\2do\2docuatrimestre\tpv2\practicas\asteroids1.0\sdlproject\tpv2\x64\debug\jute.obj
g:\2do\2docuatrimestre\tpv2\practicas\asteroids1.0\sdlproject\tpv2\x64\debug\inputhandler.obj
g:\2do\2docuatrimestre\tpv2\practicas\asteroids1.0\sdlproject\tpv2\x64\debug\vector2d.obj
g:\2do\2docuatrimestre\tpv2\practicas\asteroids1.0\sdlproject\tpv2\x64\debug\transform.obj
g:\2do\2docuatrimestre\tpv2\practicas\asteroids1.0\sdlproject\tpv2\x64\debug\texturesmanager.obj
g:\2do\2docuatrimestre\tpv2\practicas\asteroids1.0\sdlproject\tpv2\x64\debug\fighterviewer.obj
g:\2do\2docuatrimestre\tpv2\practicas\asteroids1.0\sdlproject\tpv2\x64\debug\texture.obj
g:\2do\2docuatrimestre\tpv2\practicas\asteroids1.0\sdlproject\tpv2\x64\debug\srandbasedgenerator.obj
g:\2do\2docuatrimestre\tpv2\practicas\asteroids1.0\sdlproject\tpv2\x64\debug\simplemovebahviour.obj
c:\users\oskar\desktop\asteroids1.0\sdlproject\tpv2\x64\debug\vc142.pdb
c:\users\oskar\desktop\asteroids1.0\sdlproject\tpv2\x64\debug\vc142.idb
c:\users\oskar\desktop\asteroids1.0\sdlproject\tpv2\x64\debug\inputhandler.obj
c:\users\oskar\desktop\asteroids1.0\sdlproject\tpv2\x64\debug\health.obj
c:\users\oskar\desktop\asteroids1.0\sdlproject\tpv2\x64\debug\gun.obj
c:\users\oskar\desktop\asteroids1.0\sdlproject\tpv2\x64\debug\gamelogic.obj
c:\users\oskar\desktop\asteroids1.0\sdlproject\tpv2\x64\debug\gamectrl.obj
c:\users\oskar\desktop\asteroids1.0\sdlproject\tpv2\x64\debug\fontsmanager.obj
c:\users\oskar\desktop\asteroids1.0\sdlproject\tpv2\x64\debug\font.obj
c:\users\oskar\desktop\asteroids1.0\sdlproject\tpv2\x64\debug\fightermotion.obj
c:\users\oskar\desktop\asteroids1.0\sdlproject\tpv2\x64\debug\entity.obj
c:\users\oskar\desktop\asteroids1.0\sdlproject\tpv2\x64\debug\component.obj
c:\users\oskar\desktop\asteroids1.0\sdlproject\tpv2\x64\debug\collisions.obj
c:\users\oskar\desktop\asteroids1.0\sdlproject\tpv2\x64\debug\bulletsviewer.obj
c:\users\oskar\desktop\asteroids1.0\sdlproject\tpv2\x64\debug\bulletspool.obj
c:\users\oskar\desktop\asteroids1.0\sdlproject\tpv2\x64\debug\bulletsmotion.obj
c:\users\oskar\desktop\asteroids1.0\sdlproject\tpv2\x64\debug\bullet.obj
c:\users\oskar\desktop\asteroids1.0\sdlproject\tpv2\x64\debug\audiomanager.obj
c:\users\oskar\desktop\asteroids1.0\sdlproject\tpv2\x64\debug\asteroidsviewer.obj
c:\users\oskar\desktop\asteroids1.0\sdlproject\tpv2\x64\debug\asteroidspool.obj
c:\users\oskar\desktop\asteroids1.0\sdlproject\tpv2\x64\debug\asteroidsmotion.obj
c:\users\oskar\desktop\asteroids1.0\sdlproject\tpv2\x64\debug\asteroid.obj
c:\users\oskar\desktop\asteroids1.0\sdlproject\tpv2\x64\debug\texturesmanager.obj
c:\users\oskar\desktop\asteroids1.0\sdlproject\tpv2\x64\debug\fighterviewer.obj
c:\users\oskar\desktop\asteroids1.0\sdlproject\tpv2\x64\debug\texture.obj
c:\users\oskar\desktop\asteroids1.0\sdlproject\tpv2\x64\debug\srandbasedgenerator.obj
c:\users\oskar\desktop\asteroids1.0\sdlproject\tpv2\x64\debug\sdl_macros.obj
c:\users\oskar\desktop\asteroids1.0\sdlproject\tpv2\x64\debug\sdltexturesmanager.obj
c:\users\oskar\desktop\asteroids1.0\sdlproject\tpv2\x64\debug\sdlgame.obj
c:\users\oskar\desktop\asteroids1.0\sdlproject\tpv2\x64\debug\sdlfontsmanager.obj
c:\users\oskar\desktop\asteroids1.0\sdlproject\tpv2\x64\debug\sdlaudiomanager.obj
c:\users\oskar\desktop\asteroids1.0\sdlproject\tpv2\x64\debug\scoreviewer.obj
c:\users\oskar\desktop\asteroids1.0\sdlproject\tpv2\x64\debug\scoremanager.obj
c:\users\oskar\desktop\asteroids1.0\sdlproject\tpv2\x64\debug\resources.obj
c:\users\oskar\desktop\asteroids1.0\sdlproject\tpv2\x64\debug\rectangle.obj
c:\users\oskar\desktop\asteroids1.0\sdlproject\tpv2\x64\debug\randomnumbergenerator.obj
c:\users\oskar\desktop\asteroids1.0\sdlproject\tpv2\x64\debug\fighterctrl.obj
c:\users\oskar\desktop\asteroids1.0\sdlproject\tpv2\x64\debug\asteroids.obj
c:\users\oskar\desktop\asteroids1.0\sdlproject\tpv2\x64\debug\objectpool.obj
c:\users\oskar\desktop\asteroids1.0\sdlproject\tpv2\x64\debug\manager.obj
c:\users\oskar\desktop\asteroids1.0\sdlproject\tpv2\x64\debug\main.obj
c:\users\oskar\desktop\asteroids1.0\sdlproject\tpv2\x64\debug\jute.obj
c:\users\oskar\desktop\asteroids1.0\sdlproject\tpv2\x64\debug\vector2d.obj
c:\users\oskar\desktop\asteroids1.0\sdlproject\tpv2\x64\debug\transform.obj
g:\2do\2docuatrimestre\tpv2\practicas\asteroids1.0\sdlproject\tpv2\x64\debug\asteroids.obj
g:\2do\2docuatrimestre\tpv2\practicas\asteroid1.1\sdlproject\tpv2\x64\debug\vc142.pdb
g:\2do\2docuatrimestre\tpv2\practicas\asteroid1.1\sdlproject\tpv2\x64\debug\vc142.idb
g:\2do\2docuatrimestre\tpv2\practicas\asteroid1.1\sdlproject\tpv2\x64\debug\inputhandler.obj
g:\2do\2docuatrimestre\tpv2\practicas\asteroid1.1\sdlproject\tpv2\x64\debug\health.obj
g:\2do\2docuatrimestre\tpv2\practicas\asteroid1.1\sdlproject\tpv2\x64\debug\gun.obj
g:\2do\2docuatrimestre\tpv2\practicas\asteroid1.1\sdlproject\tpv2\x64\debug\gamelogic.obj
g:\2do\2docuatrimestre\tpv2\practicas\asteroid1.1\sdlproject\tpv2\x64\debug\gamectrl.obj
g:\2do\2docuatrimestre\tpv2\practicas\asteroid1.1\sdlproject\tpv2\x64\debug\fontsmanager.obj
g:\2do\2docuatrimestre\tpv2\practicas\asteroid1.1\sdlproject\tpv2\x64\debug\font.obj
g:\2do\2docuatrimestre\tpv2\practicas\asteroid1.1\sdlproject\tpv2\x64\debug\fightermotion.obj
g:\2do\2docuatrimestre\tpv2\practicas\asteroid1.1\sdlproject\tpv2\x64\debug\entity.obj
g:\2do\2docuatrimestre\tpv2\practicas\asteroid1.1\sdlproject\tpv2\x64\debug\component.obj
g:\2do\2docuatrimestre\tpv2\practicas\asteroid1.1\sdlproject\tpv2\x64\debug\collisions.obj
g:\2do\2docuatrimestre\tpv2\practicas\asteroid1.1\sdlproject\tpv2\x64\debug\bulletsviewer.obj
g:\2do\2docuatrimestre\tpv2\practicas\asteroid1.1\sdlproject\tpv2\x64\debug\bulletspool.obj
g:\2do\2docuatrimestre\tpv2\practicas\asteroid1.1\sdlproject\tpv2\x64\debug\bulletsmotion.obj
g:\2do\2docuatrimestre\tpv2\practicas\asteroid1.1\sdlproject\tpv2\x64\debug\bullet.obj
g:\2do\2docuatrimestre\tpv2\practicas\asteroid1.1\sdlproject\tpv2\x64\debug\audiomanager.obj
g:\2do\2docuatrimestre\tpv2\practicas\asteroid1.1\sdlproject\tpv2\x64\debug\asteroidsviewer.obj
g:\2do\2docuatrimestre\tpv2\practicas\asteroid1.1\sdlproject\tpv2\x64\debug\asteroidspool.obj
g:\2do\2docuatrimestre\tpv2\practicas\asteroid1.1\sdlproject\tpv2\x64\debug\asteroidsmotion.obj
g:\2do\2docuatrimestre\tpv2\practicas\asteroid1.1\sdlproject\tpv2\x64\debug\asteroid.obj
g:\2do\2docuatrimestre\tpv2\practicas\asteroid1.1\sdlproject\tpv2\x64\debug\texturesmanager.obj
g:\2do\2docuatrimestre\tpv2\practicas\asteroid1.1\sdlproject\tpv2\x64\debug\fighterviewer.obj
g:\2do\2docuatrimestre\tpv2\practicas\asteroid1.1\sdlproject\tpv2\x64\debug\texture.obj
g:\2do\2docuatrimestre\tpv2\practicas\asteroid1.1\sdlproject\tpv2\x64\debug\srandbasedgenerator.obj
g:\2do\2docuatrimestre\tpv2\practicas\asteroid1.1\sdlproject\tpv2\x64\debug\sdl_macros.obj
g:\2do\2docuatrimestre\tpv2\practicas\asteroid1.1\sdlproject\tpv2\x64\debug\sdltexturesmanager.obj
g:\2do\2docuatrimestre\tpv2\practicas\asteroid1.1\sdlproject\tpv2\x64\debug\sdlgame.obj
g:\2do\2docuatrimestre\tpv2\practicas\asteroid1.1\sdlproject\tpv2\x64\debug\sdlfontsmanager.obj
g:\2do\2docuatrimestre\tpv2\practicas\asteroid1.1\sdlproject\tpv2\x64\debug\sdlaudiomanager.obj
g:\2do\2docuatrimestre\tpv2\practicas\asteroid1.1\sdlproject\tpv2\x64\debug\scoreviewer.obj
g:\2do\2docuatrimestre\tpv2\practicas\asteroid1.1\sdlproject\tpv2\x64\debug\scoremanager.obj
g:\2do\2docuatrimestre\tpv2\practicas\asteroid1.1\sdlproject\tpv2\x64\debug\resources.obj
g:\2do\2docuatrimestre\tpv2\practicas\asteroid1.1\sdlproject\tpv2\x64\debug\rectangle.obj
g:\2do\2docuatrimestre\tpv2\practicas\asteroid1.1\sdlproject\tpv2\x64\debug\randomnumbergenerator.obj
g:\2do\2docuatrimestre\tpv2\practicas\asteroid1.1\sdlproject\tpv2\x64\debug\fighterctrl.obj
g:\2do\2docuatrimestre\tpv2\practicas\asteroid1.1\sdlproject\tpv2\x64\debug\asteroids.obj
g:\2do\2docuatrimestre\tpv2\practicas\asteroid1.1\sdlproject\tpv2\x64\debug\objectpool.obj
g:\2do\2docuatrimestre\tpv2\practicas\asteroid1.1\sdlproject\tpv2\x64\debug\manager.obj
g:\2do\2docuatrimestre\tpv2\practicas\asteroid1.1\sdlproject\tpv2\x64\debug\main.obj
g:\2do\2docuatrimestre\tpv2\practicas\asteroid1.1\sdlproject\tpv2\x64\debug\jute.obj
g:\2do\2docuatrimestre\tpv2\practicas\asteroid1.1\sdlproject\tpv2\x64\debug\vector2d.obj
g:\2do\2docuatrimestre\tpv2\practicas\asteroid1.1\sdlproject\tpv2\x64\debug\transform.obj
g:\2do\2docuatrimestre\tpv2\practicas\asteroid1.1\sdlproject\tpv2\x64\debug\system.obj
g:\2do\2docuatrimestre\tpv2\practicas\asteroid1.1\sdlproject\tpv2\x64\debug\starssystem.obj
g:\2do\2docuatrimestre\tpv2\practicas\asteroid1.1\sdlproject\tpv2\x64\debug\starspool.obj
g:\2do\2docuatrimestre\tpv2\practicas\asteroid1.1\sdlproject\tpv2\x64\debug\singleton.obj
g:\2do\2docuatrimestre\tpv2\practicas\asteroid1.1\sdlproject\tpv2\x64\debug\rendersystem.obj
g:\2do\2docuatrimestre\tpv2\practicas\asteroid1.1\sdlproject\tpv2\x64\debug\pacmansystem.obj
g:\2do\2docuatrimestre\tpv2\practicas\asteroid1.1\sdlproject\tpv2\x64\debug\pacman.obj
g:\2do\2docuatrimestre\tpv2\practicas\asteroid1.1\sdlproject\tpv2\x64\debug\offacotry.obj
g:\2do\2docuatrimestre\tpv2\practicas\asteroid1.1\sdlproject\tpv2\x64\debug\objectfactory.obj
g:\2do\2docuatrimestre\tpv2\practicas\asteroid1.1\sdlproject\tpv2\x64\debug\gamectrlsystem.obj
g:\2do\2docuatrimestre\tpv2\practicas\asteroid1.1\sdlproject\tpv2\x64\debug\deffactory.obj
g:\2do\2docuatrimestre\tpv2\practicas\asteroid1.1\sdlproject\tpv2\x64\debug\collisionsystem.obj
g:\2do\2docuatrimestre\tpv2\practicas\asteroid1.1\sdlproject\tpv2\x64\debug\asteroidpool.obj
g:\2do\2docuatrimestre\tpv2\practicas\asteroid1.1\sdlproject\tpv2\x64\debug\figthersystem.obj
g:\2do\2docuatrimestre\tpv2\practicas\asteroid1.1\sdlproject\tpv2\x64\debug\asteroidssystem.obj
c:\users\oskar\desktop\asteroid1.1\sdlproject\tpv2\x64\debug\vc142.pdb
c:\users\oskar\desktop\asteroid1.1\sdlproject\tpv2\x64\debug\vc142.idb
c:\users\oskar\desktop\asteroid1.1\sdlproject\tpv2\x64\debug\manager.obj
c:\users\oskar\desktop\asteroid1.1\sdlproject\tpv2\x64\debug\main.obj
c:\users\oskar\desktop\asteroid1.1\sdlproject\tpv2\x64\debug\jute.obj
c:\users\oskar\desktop\asteroid1.1\sdlproject\tpv2\x64\debug\inputhandler.obj
c:\users\oskar\desktop\asteroid1.1\sdlproject\tpv2\x64\debug\health.obj
c:\users\oskar\desktop\asteroid1.1\sdlproject\tpv2\x64\debug\gamectrlsystem.obj
c:\users\oskar\desktop\asteroid1.1\sdlproject\tpv2\x64\debug\fontsmanager.obj
c:\users\oskar\desktop\asteroid1.1\sdlproject\tpv2\x64\debug\font.obj
c:\users\oskar\desktop\asteroid1.1\sdlproject\tpv2\x64\debug\figthersystem.obj
c:\users\oskar\desktop\asteroid1.1\sdlproject\tpv2\x64\debug\fightergun.obj
c:\users\oskar\desktop\asteroid1.1\sdlproject\tpv2\x64\debug\entity.obj
c:\users\oskar\desktop\asteroid1.1\sdlproject\tpv2\x64\debug\deffactory.obj
c:\users\oskar\desktop\asteroid1.1\sdlproject\tpv2\x64\debug\collisionsystem.obj
c:\users\oskar\desktop\asteroid1.1\sdlproject\tpv2\x64\debug\collisions.obj
c:\users\oskar\desktop\asteroid1.1\sdlproject\tpv2\x64\debug\bulletsystem.obj
c:\users\oskar\desktop\asteroid1.1\sdlproject\tpv2\x64\debug\bulletpool.obj
c:\users\oskar\desktop\asteroid1.1\sdlproject\tpv2\x64\debug\audiomanager.obj
c:\users\oskar\desktop\asteroid1.1\sdlproject\tpv2\x64\debug\asteroidssystem.obj
c:\users\oskar\desktop\asteroid1.1\sdlproject\tpv2\x64\debug\asteroidpool.obj
c:\users\oskar\desktop\asteroid1.1\sdlproject\tpv2\x64\debug\asteroidlifetime.obj
c:\users\oskar\desktop\asteroid1.1\sdlproject\tpv2\x64\debug\texturesmanager.obj
c:\users\oskar\desktop\asteroid1.1\sdlproject\tpv2\x64\debug\texture.obj
c:\users\oskar\desktop\asteroid1.1\sdlproject\tpv2\x64\debug\system.obj
c:\users\oskar\desktop\asteroid1.1\sdlproject\tpv2\x64\debug\starssystem.obj
c:\users\oskar\desktop\asteroid1.1\sdlproject\tpv2\x64\debug\starspool.obj
c:\users\oskar\desktop\asteroid1.1\sdlproject\tpv2\x64\debug\srandbasedgenerator.obj
c:\users\oskar\desktop\asteroid1.1\sdlproject\tpv2\x64\debug\singleton.obj
c:\users\oskar\desktop\asteroid1.1\sdlproject\tpv2\x64\debug\sdl_macros.obj
c:\users\oskar\desktop\asteroid1.1\sdlproject\tpv2\x64\debug\sdltexturesmanager.obj
c:\users\oskar\desktop\asteroid1.1\sdlproject\tpv2\x64\debug\sdlgame.obj
c:\users\oskar\desktop\asteroid1.1\sdlproject\tpv2\x64\debug\sdlfontsmanager.obj
c:\users\oskar\desktop\asteroid1.1\sdlproject\tpv2\x64\debug\sdlaudiomanager.obj
c:\users\oskar\desktop\asteroid1.1\sdlproject\tpv2\x64\debug\resources.obj
c:\users\oskar\desktop\asteroid1.1\sdlproject\tpv2\x64\debug\rendersystem.obj
c:\users\oskar\desktop\asteroid1.1\sdlproject\tpv2\x64\debug\randomnumbergenerator.obj
c:\users\oskar\desktop\asteroid1.1\sdlproject\tpv2\x64\debug\pacmansystem.obj
c:\users\oskar\desktop\asteroid1.1\sdlproject\tpv2\x64\debug\pacman.obj
c:\users\oskar\desktop\asteroid1.1\sdlproject\tpv2\x64\debug\offacotry.obj
c:\users\oskar\desktop\asteroid1.1\sdlproject\tpv2\x64\debug\objectpool.obj
c:\users\oskar\desktop\asteroid1.1\sdlproject\tpv2\x64\debug\objectfactory.obj
c:\users\oskar\desktop\asteroid1.1\sdlproject\tpv2\x64\debug\vector2d.obj
c:\users\oskar\desktop\asteroid1.1\sdlproject\tpv2\x64\debug\transform.obj
c:\users\oskar\desktop\asteroid1.1\sdlproject\tpv2\x64\debug\asteroid.obj
c:\users\oskar\desktop\asteroid1.1\sdlproject\tpv2\x64\debug\asteroids.obj
c:\users\oskar\desktop\asteroid1.1\sdlproject\tpv2\x64\debug\asteroidsmotion.obj
c:\users\oskar\desktop\asteroid1.1\sdlproject\tpv2\x64\debug\asteroidspool.obj
c:\users\oskar\desktop\asteroid1.1\sdlproject\tpv2\x64\debug\asteroidsviewer.obj
c:\users\oskar\desktop\asteroid1.1\sdlproject\tpv2\x64\debug\bullet.obj
c:\users\oskar\desktop\asteroid1.1\sdlproject\tpv2\x64\debug\bulletsmotion.obj
c:\users\oskar\desktop\asteroid1.1\sdlproject\tpv2\x64\debug\bulletspool.obj
c:\users\oskar\desktop\asteroid1.1\sdlproject\tpv2\x64\debug\bulletsviewer.obj
c:\users\oskar\desktop\asteroid1.1\sdlproject\tpv2\x64\debug\component.obj
c:\users\oskar\desktop\asteroid1.1\sdlproject\tpv2\x64\debug\fighterctrl.obj
c:\users\oskar\desktop\asteroid1.1\sdlproject\tpv2\x64\debug\fightermotion.obj
c:\users\oskar\desktop\asteroid1.1\sdlproject\tpv2\x64\debug\fighterviewer.obj
c:\users\oskar\desktop\asteroid1.1\sdlproject\tpv2\x64\debug\gamectrl.obj
c:\users\oskar\desktop\asteroid1.1\sdlproject\tpv2\x64\debug\gamelogic.obj
c:\users\oskar\desktop\asteroid1.1\sdlproject\tpv2\x64\debug\gun.obj
c:\users\oskar\desktop\asteroid1.1\sdlproject\tpv2\x64\debug\rectangle.obj
c:\users\oskar\desktop\asteroid1.1\sdlproject\tpv2\x64\debug\scoremanager.obj
c:\users\oskar\desktop\asteroid1.1\sdlproject\tpv2\x64\debug\scoreviewer.obj
c:\users\oskar\desktop\asteroid1.1\sdlproject\bin\tpv2debug.pdb
c:\users\oskar\desktop\asteroid1.1\sdlproject\tpv2\x64\debug\tpv2.tlog\cl.command.1.tlog
c:\users\oskar\desktop\asteroid1.1\sdlproject\tpv2\x64\debug\tpv2.tlog\cl.read.1.tlog
c:\users\oskar\desktop\asteroid1.1\sdlproject\tpv2\x64\debug\tpv2.tlog\cl.write.1.tlog
c:\users\oskar\desktop\asteroid1.1\sdlproject\tpv2\x64\debug\tpv2.tlog\link-cvtres.read.1.tlog
c:\users\oskar\desktop\asteroid1.1\sdlproject\tpv2\x64\debug\tpv2.tlog\link-cvtres.write.1.tlog
c:\users\oskar\desktop\asteroid1.1\sdlproject\tpv2\x64\debug\tpv2.tlog\link-rc.read.1.tlog
c:\users\oskar\desktop\asteroid1.1\sdlproject\tpv2\x64\debug\tpv2.tlog\link-rc.write.1.tlog
c:\users\oskar\desktop\asteroid1.1\sdlproject\tpv2\x64\debug\tpv2.tlog\link.command.1.tlog
c:\users\oskar\desktop\asteroid1.1\sdlproject\tpv2\x64\debug\tpv2.tlog\link.delete.1.tlog
c:\users\oskar\desktop\asteroid1.1\sdlproject\tpv2\x64\debug\tpv2.tlog\link.read.1.tlog
c:\users\oskar\desktop\asteroid1.1\sdlproject\tpv2\x64\debug\tpv2.tlog\link.write.1.tlog
